\BOOKMARK [0][-]{chapter*.1}{Acknowledgements}{}
\BOOKMARK [0][-]{section*.3}{Contents}{}
\BOOKMARK [0][-]{section*.5}{List of Tables}{}
\BOOKMARK [0][-]{section*.7}{List of Figures}{}
\BOOKMARK [0][-]{section*.9}{List of Equations}{}
\BOOKMARK [0][-]{chapter*.10}{List of Abbreviations}{}
\BOOKMARK [0][-]{chapter*.11}{List of Symbols}{}
\BOOKMARK [0][-]{chapter*.12}{Abstrak}{}
\BOOKMARK [0][-]{chapter*.13}{Abstract}{}
\BOOKMARK [0][-]{chapter.1}{Introduction}{}
\BOOKMARK [1][-]{section.1.1}{Background}{chapter.1}
\BOOKMARK [1][-]{section.1.2}{Problem Statement}{chapter.1}
\BOOKMARK [1][-]{section.1.3}{Objectives}{chapter.1}
\BOOKMARK [1][-]{section.1.4}{Scope of Research}{chapter.1}
\BOOKMARK [1][-]{section.1.5}{Research Approach}{chapter.1}
\BOOKMARK [0][-]{chapter.2}{Literature Review}{}
\BOOKMARK [1][-]{section.2.1}{Introduction}{chapter.2}
\BOOKMARK [1][-]{section.2.2}{Torque Ripple}{chapter.2}
\BOOKMARK [1][-]{section.2.3}{Driving Strategy}{chapter.2}
\BOOKMARK [1][-]{section.2.4}{Summary}{chapter.2}
\BOOKMARK [0][-]{chapter.3}{Methodology}{}
\BOOKMARK [1][-]{section.3.1}{Introduction}{chapter.3}
\BOOKMARK [1][-]{section.3.2}{Signal Identification}{chapter.3}
\BOOKMARK [1][-]{section.3.3}{Measurement System}{chapter.3}
\BOOKMARK [1][-]{section.3.4}{Vehicle Simulation}{chapter.3}
\BOOKMARK [0][-]{chapter.4}{Result and Discussion}{}
\BOOKMARK [0][-]{chapter.5}{Conclusion}{}
\BOOKMARK [0][-]{section*.15}{References}{}
\BOOKMARK [-1][-]{section*.16}{Appendices}{}
\BOOKMARK [0][-]{appendix.A}{Schematic}{section*.16}
